<?xml version="1.0" encoding="UTF-8"?>
<testng-results skipped="0" failed="0" ignored="0" total="1" passed="1">
  <reporter-output>
  </reporter-output>
  <suite name="Default suite" duration-ms="16006" started-at="2020-05-08T09:00:33Z" finished-at="2020-05-08T09:00:49Z">
    <groups>
    </groups>
    <test name="Default test" duration-ms="16006" started-at="2020-05-08T09:00:33Z" finished-at="2020-05-08T09:00:49Z">
      <class name="com.testcases.SignInPage">
        <test-method status="PASS" signature="browserInvoke()[pri:0, instance:com.testcases.SignInPage@457e2f02]" name="browserInvoke" is-config="true" duration-ms="13270" started-at="2020-05-08T09:00:33Z" finished-at="2020-05-08T09:00:46Z">
          <reporter-output>
          </reporter-output>
        </test-method> <!-- browserInvoke -->
        <test-method status="PASS" signature="signInPage()[pri:0, instance:com.testcases.SignInPage@457e2f02]" name="signInPage" duration-ms="2696" started-at="2020-05-08T09:00:46Z" finished-at="2020-05-08T09:00:49Z">
          <reporter-output>
          </reporter-output>
        </test-method> <!-- signInPage -->
      </class> <!-- com.testcases.SignInPage -->
    </test> <!-- Default test -->
  </suite> <!-- Default suite -->
</testng-results>
