<?xml version="1.0" encoding="UTF-8"?>
<!-- Generated by org.testng.reporters.JUnitXMLReporter -->
<testsuite hostname="DESKTOP-SQIIQB8" ignored="0" name="testGuru" tests="3" failures="0" timestamp="26 Apr 2020 12:07:24 GMT" time="29.125" errors="0">
  <testcase name="executSessionThree" time="21.359" classname="com.testng.Parallel_Execution"/>
  <testcase name="executSessionOne" time="21.712" classname="com.testng.Parallel_Execution"/>
  <testcase name="executeSessionTwo" time="29.061" classname="com.testng.Parallel_Execution"/>
</testsuite> <!-- testGuru -->
